[01:57:10] [ServerMain/INFO]: [bootstrap] Running Java 21 (Java HotSpot(TM) 64-Bit Server VM 21.0.5+9-LTS-239; Oracle Corporation null) on Windows 11 10.0 (amd64)
[01:57:10] [ServerMain/INFO]: [bootstrap] Loading Paper 1.21.3-60-master@cf956ac (2024-11-24T21:39:46Z) for Minecraft 1.21.3
[01:57:11] [ServerMain/INFO]: [PluginInitializerManager] Initializing plugins...
[01:57:11] [ServerMain/INFO]: [PluginInitializerManager] Initialized 0 plugins
[01:57:14] [ServerMain/INFO]: Environment: Environment[sessionHost=https://sessionserver.mojang.com, servicesHost=https://api.minecraftservices.com, name=PROD]
[01:57:15] [ServerMain/INFO]: Loaded 1337 recipes
[01:57:15] [ServerMain/INFO]: Loaded 1448 advancements
[01:57:15] [Server thread/INFO]: Starting minecraft server version 1.21.3
[01:57:15] [Server thread/INFO]: Loading properties
[01:57:15] [Server thread/INFO]: This server is running Paper version 1.21.3-60-master@cf956ac (2024-11-24T21:39:46Z) (Implementing API version 1.21.3-R0.1-SNAPSHOT)
[01:57:16] [Server thread/INFO]: [spark] This server bundles the spark profiler. For more information please visit https://docs.papermc.io/paper/profiling
[01:57:16] [Server thread/INFO]: Using 4 threads for Netty based IO
[01:57:16] [Server thread/INFO]: Server Ping Player Sample Count: 12
[01:57:16] [Server thread/INFO]: [MoonriseCommon] Paper is using 3 worker threads, 1 I/O threads
[01:57:16] [Server thread/INFO]: [ChunkTaskScheduler] Chunk system is using population gen parallelism: true
[01:57:17] [Server thread/INFO]: Default game type: SURVIVAL
[01:57:17] [Server thread/INFO]: Generating keypair
[01:57:17] [Server thread/INFO]: Starting Minecraft server on *:25565
[01:57:17] [Server thread/INFO]: Using default channel type
[01:57:17] [Server thread/INFO]: Paper: Using Java compression from Velocity.
[01:57:17] [Server thread/INFO]: Paper: Using Java cipher from Velocity.
[01:57:17] [Server thread/INFO]: Server permissions file permissions.yml is empty, ignoring it
[01:57:17] [Server thread/WARN]: **** SERVER IS RUNNING IN OFFLINE/INSECURE MODE!
[01:57:17] [Server thread/WARN]: The server will make no attempt to authenticate usernames. Beware.
[01:57:17] [Server thread/WARN]: While this makes the game possible to play without internet access, it also opens up the ability for hackers to connect with any username they choose.
[01:57:17] [Server thread/WARN]: To change this, set "online-mode" to "true" in the server.properties file.
[01:57:17] [Server thread/INFO]: Preparing level "world"
[01:57:17] [Server thread/INFO]: Preparing start region for dimension minecraft:overworld
[01:57:17] [Paper Common Worker #1/INFO]: [MCTypeRegistry] Initialising converters for DataConverter...
[01:57:17] [Server thread/INFO]: Preparing spawn area: 0%
[01:57:17] [Paper Common Worker #1/INFO]: [MCTypeRegistry] Finished initialising converters for DataConverter in 208.3ms
[01:57:18] [Server thread/INFO]: Preparing spawn area: 28%
[01:57:18] [Server thread/INFO]: Time elapsed: 724 ms
[01:57:18] [Server thread/INFO]: Preparing start region for dimension minecraft:the_nether
[01:57:18] [Server thread/INFO]: Preparing spawn area: 0%
[01:57:18] [Server thread/INFO]: Time elapsed: 140 ms
[01:57:18] [Server thread/INFO]: Preparing start region for dimension minecraft:the_end
[01:57:18] [Server thread/INFO]: Preparing spawn area: 0%
[01:57:18] [Server thread/INFO]: Time elapsed: 102 ms
[01:57:18] [Server thread/INFO]: [spark] Starting background profiler...
[01:57:18] [Server thread/INFO]: [spark] The async-profiler engine is not supported for your os/arch (windows11/amd64), so the built-in Java engine will be used instead.
[01:57:18] [Server thread/INFO]: Done preparing level "world" (1.392s)
[01:57:18] [Server thread/INFO]: Running delayed init tasks
[01:57:18] [Server thread/INFO]: Done (8.807s)! For help, type "help"
[01:57:50] [User Authenticator #0/INFO]: UUID of player Cuppyzh is c8582a64-0210-306d-866d-af0405239e9b
[01:57:51] [Server thread/INFO]: Cuppyzh joined the game
[01:57:51] [Server thread/INFO]: Cuppyzh[/127.0.0.1:62073] logged in with entity id 25 at ([world]-2131.663912494542, 71.0, -739.4761333861286)
[01:58:57] [Server thread/INFO]: Cuppyzh lost connection: Disconnected
[01:58:58] [Server thread/INFO]: Cuppyzh left the game
[01:59:06] [Server thread/INFO]: Stopping server
[01:59:06] [Server thread/INFO]: Saving players
[01:59:06] [Server thread/INFO]: Saving worlds
[01:59:06] [Server thread/INFO]: Saving chunks for level 'ServerLevel[world]'/minecraft:overworld
[01:59:06] [Server thread/INFO]: [ChunkHolderManager] Waiting 60s for chunk system to halt for world 'world'
[01:59:06] [Server thread/INFO]: [ChunkHolderManager] Halted chunk system for world 'world'
[01:59:06] [Server thread/INFO]: [ChunkHolderManager] Saving all chunkholders for world 'world'
[01:59:06] [Server thread/INFO]: [ChunkHolderManager] Saved 49 block chunks, 49 entity chunks, 0 poi chunks in world 'world' in 0.05s
[01:59:06] [Server thread/INFO]: [ChunkHolderManager] Waiting 60s for chunk I/O to halt for world 'world'
[01:59:06] [Server thread/INFO]: [ChunkHolderManager] Halted I/O scheduler for world 'world'
[01:59:06] [Server thread/INFO]: Saving chunks for level 'ServerLevel[world_nether]'/minecraft:the_nether
[01:59:06] [Server thread/INFO]: [ChunkHolderManager] Waiting 60s for chunk system to halt for world 'world_nether'
[01:59:06] [Server thread/INFO]: [ChunkHolderManager] Halted chunk system for world 'world_nether'
[01:59:06] [Server thread/INFO]: [ChunkHolderManager] Saving all chunkholders for world 'world_nether'
[01:59:06] [Server thread/INFO]: [ChunkHolderManager] Saved 49 block chunks, 49 entity chunks, 0 poi chunks in world 'world_nether' in 0.04s
[01:59:06] [Server thread/INFO]: [ChunkHolderManager] Waiting 60s for chunk I/O to halt for world 'world_nether'
[01:59:06] [Server thread/INFO]: [ChunkHolderManager] Halted I/O scheduler for world 'world_nether'
[01:59:06] [Server thread/INFO]: Saving chunks for level 'ServerLevel[world_the_end]'/minecraft:the_end
[01:59:06] [Server thread/INFO]: [ChunkHolderManager] Waiting 60s for chunk system to halt for world 'world_the_end'
[01:59:06] [Server thread/INFO]: [ChunkHolderManager] Halted chunk system for world 'world_the_end'
[01:59:06] [Server thread/INFO]: [ChunkHolderManager] Saving all chunkholders for world 'world_the_end'
[01:59:06] [Server thread/INFO]: [ChunkHolderManager] Saved 49 block chunks, 49 entity chunks, 0 poi chunks in world 'world_the_end' in 0.02s
[01:59:06] [Server thread/INFO]: [ChunkHolderManager] Waiting 60s for chunk I/O to halt for world 'world_the_end'
[01:59:06] [Server thread/INFO]: [ChunkHolderManager] Halted I/O scheduler for world 'world_the_end'
[01:59:06] [Server thread/INFO]: ThreadedAnvilChunkStorage (world): All chunks are saved
[01:59:06] [Server thread/INFO]: ThreadedAnvilChunkStorage (DIM-1): All chunks are saved
[01:59:06] [Server thread/INFO]: ThreadedAnvilChunkStorage (DIM1): All chunks are saved
[01:59:06] [Server thread/INFO]: ThreadedAnvilChunkStorage: All dimensions are saved
[01:59:06] [Server thread/INFO]: Waiting for I/O tasks to complete...
[01:59:06] [Server thread/INFO]: All I/O tasks to complete
[01:59:06] [Server thread/INFO]: [MoonriseCommon] Awaiting termination of worker pool for up to 60s...
[01:59:06] [Server thread/INFO]: [MoonriseCommon] Awaiting termination of I/O pool for up to 60s...
